<?xml version="1.0" encoding="UTF-8"?>
<!-- Generated by org.testng.reporters.JUnitReportReporter -->
<testsuite hostname="SUBHARAJAT" failures="0" tests="1" name="tests.SearchTest" time="5.081" errors="0" timestamp="2023-11-09T12:02:52 CET" skipped="0">
  <testcase classname="tests.SearchTest" name="search" time="5.081"/>
</testsuite> <!-- tests.SearchTest -->
