<?xml version="1.0" encoding="UTF-8"?>
<!-- Generated by org.testng.reporters.JUnitReportReporter -->
<testsuite hostname="SUBHARAJAT" failures="0" tests="1" name="CatawikiAssignment.CatawikiDemo.SearchTest" time="0.002" errors="0" timestamp="2023-11-09T02:19:37 CET" skipped="0">
  <testcase classname="CatawikiAssignment.CatawikiDemo.SearchTest" name="search" time="0.002"/>
</testsuite> <!-- CatawikiAssignment.CatawikiDemo.SearchTest -->
